<?xml version="1.0" encoding="UTF-8" ?>
<testsuite tests="4" failures="2" name="crudTest.ProductTest" time="28.439" errors="0" skipped="0">
  <properties>
    <property name="jansi.mode" value="strip"/>
    <property name="java.runtime.name" value="Java(TM) SE Runtime Environment"/>
    <property name="java.vm.version" value="18.0.1.1+2-6"/>
    <property name="sun.boot.library.path" value="C:\Program Files\Java\jdk-18.0.1.1\bin"/>
    <property name="maven.multiModuleProjectDirectory" value="C:\Users\shapira\eclipse-workspace\CrudTestProject"/>
    <property name="java.vm.vendor" value="Oracle Corporation"/>
    <property name="java.vendor.url" value="https://java.oracle.com/"/>
    <property name="guice.disable.misplaced.annotation.check" value="true"/>
    <property name="path.separator" value=";"/>
    <property name="java.vm.name" value="Java HotSpot(TM) 64-Bit Server VM"/>
    <property name="sun.os.patch.level" value=""/>
    <property name="user.script" value=""/>
    <property name="user.country" value="IL"/>
    <property name="sun.java.launcher" value="SUN_STANDARD"/>
    <property name="java.vm.specification.name" value="Java Virtual Machine Specification"/>
    <property name="user.dir" value="C:\Users\shapira\eclipse-workspace\CrudTestProject"/>
    <property name="java.vm.compressedOopsMode" value="32-bit"/>
    <property name="java.runtime.version" value="18.0.1.1+2-6"/>
    <property name="os.arch" value="amd64"/>
    <property name="java.io.tmpdir" value="C:\Users\shapira\AppData\Local\Temp\"/>
    <property name="line.separator" value="
"/>
    <property name="java.vm.specification.vendor" value="Oracle Corporation"/>
    <property name="user.variant" value=""/>
    <property name="os.name" value="Windows 10"/>
    <property name="classworlds.conf" value="C:\Users\shapira\eclipse-workspace\.metadata\.plugins\org.eclipse.m2e.launching\launches\m2conf4495747266633977705.tmp"/>
    <property name="sun.jnu.encoding" value="Cp1255"/>
    <property name="java.library.path" value="C:\Program Files\Java\jdk-18.0.1.1\bin;C:\WINDOWS\Sun\Java\bin;C:\WINDOWS\system32;C:\WINDOWS;C:\Program Files\Common Files\Oracle\Java\javapath;C:\Windows\system32;C:\Windows;C:\Windows\System32\Wbem;C:\Windows\System32\WindowsPowerShell\v1.0\;C:\Windows\System32\OpenSSH\;C:\Program Files\Microsoft VS Code\bin;C:\Program Files\Microsoft SQL Server\150\Tools\Binn\;C:\Program Files\Microsoft SQL Server\Client SDK\ODBC\170\Tools\Binn\;C:\Program Files\dotnet\;C:\Program Files (x86)\Microsoft SQL Server\150\DTS\Binn\;C:\Program Files\Azure Data Studio\bin;C:\Program Files\nodejs\;C:\Program Files (x86)\Microsoft SQL Server\150\Tools\Binn\;C:\Program Files\Microsoft SQL Server\150\DTS\Binn\;C:\WINDOWS\system32;C:\WINDOWS;C:\WINDOWS\System32\Wbem;C:\WINDOWS\System32\WindowsPowerShell\v1.0\;C:\WINDOWS\System32\OpenSSH\;C:\Program Files\Git\cmd;C:\Users\shapira\AppData\Local\Microsoft\WindowsApps;C:\Users\shapira\.dotnet\tools;C:\Program Files\Azure Data Studio\bin;C:\Users\shapira\AppData\Roaming\npm;C:\ProgramData\shapira\atom\bin;C:\Users\shapira\AppData\Local\atom\bin;%USERPROFILE%\AppData\Local\Microsoft\WindowsApps;;."/>
    <property name="jdk.debug" value="release"/>
    <property name="java.class.version" value="62.0"/>
    <property name="java.specification.name" value="Java Platform API Specification"/>
    <property name="sun.management.compiler" value="HotSpot 64-Bit Tiered Compilers"/>
    <property name="os.version" value="10.0"/>
    <property name="user.home" value="C:\Users\shapira"/>
    <property name="user.timezone" value="Asia/Jerusalem"/>
    <property name="file.encoding" value="UTF-8"/>
    <property name="java.specification.version" value="18"/>
    <property name="user.name" value="shapira"/>
    <property name="java.class.path" value="C:\Users\shapira\.p2\pool\plugins\org.eclipse.m2e.maven.runtime_1.18.3.20220227-1319\jars\plexus-classworlds-2.6.0.jar"/>
    <property name="java.vm.specification.version" value="18"/>
    <property name="sun.arch.data.model" value="64"/>
    <property name="sun.java.command" value="org.codehaus.plexus.classworlds.launcher.Launcher -B test"/>
    <property name="java.home" value="C:\Program Files\Java\jdk-18.0.1.1"/>
    <property name="user.language" value="he"/>
    <property name="java.specification.vendor" value="Oracle Corporation"/>
    <property name="java.vm.info" value="mixed mode, sharing"/>
    <property name="java.version" value="18.0.1.1"/>
    <property name="native.encoding" value="Cp1255"/>
    <property name="java.vendor" value="Oracle Corporation"/>
    <property name="maven.home" value="C:\Users\shapira\eclipse-workspace\CrudTestProject\EMBEDDED"/>
    <property name="file.separator" value="\"/>
    <property name="java.version.date" value="2022-04-22"/>
    <property name="java.vendor.url.bug" value="https://bugreport.java.com/bugreport/"/>
    <property name="sun.io.unicode.encoding" value="UnicodeLittle"/>
    <property name="sun.cpu.endian" value="little"/>
    <property name="sun.cpu.isalist" value="amd64"/>
  </properties>
  <testcase classname="crudTest.ProductTest" name="testAddProduct" time="2.76"/>
  <testcase classname="crudTest.ProductTest" name="testDeleteProduct" time="1.707">
    <failure message="For input string: &quot;item3&quot;" type="java.lang.NumberFormatException">java.lang.NumberFormatException: For input string: &quot;item3&quot;
	at java.base/java.lang.NumberFormatException.forInputString(NumberFormatException.java:67)
	at java.base/java.lang.Integer.parseInt(Integer.java:668)
	at java.base/java.lang.Integer.parseInt(Integer.java:784)
	at crud.ProductsPage.getLastId(ProductsPage.java:97)
	at crudTest.ProductTest.testDeleteProduct(ProductTest.java:71)
</failure>
  </testcase>
  <testcase classname="crudTest.ProductTest" name="testGetProduct" time="21.177"/>
  <testcase classname="crudTest.ProductTest" name="testUpdateProduct" time="2.795">
    <failure message="element click intercepted: Element &lt;button type=&quot;button&quot; name=&quot;ctl00$ContentPlaceholder1$RadGrid1$ctl00$ctl13$UpdateButton&quot; value=&quot;Update&quot; onclick=&quot;javascript:WebForm_DoPostBackWithOptions(new WebForm_PostBackOptions(&amp;quot;ctl00$ContentPlaceholder1$RadGrid1$ctl00$ctl13$UpdateButton&amp;quot;, &amp;quot;&amp;quot;, true, &amp;quot;&amp;quot;, &amp;quot;&amp;quot;, false, true))&quot; id=&quot;ctl00_ContentPlaceholder1_RadGrid1_ctl00_ctl13_UpdateButton&quot; title=&quot;Update&quot; class=&quot;t-button rgActionButton rgUpdate&quot;&gt;...&lt;/button&gt; is not clickable at point (337, 629). Other element would receive the click: &lt;div id=&quot;onetrust-banner-sdk&quot; class=&quot;otFlat bottom vertical-align-content&quot; role=&quot;dialog&quot; aria-labelledby=&quot;onetrust-policy-title&quot; aria-describedby=&quot;onetrust-policy-text&quot; tabindex=&quot;0&quot; style=&quot;bottom: 0px&quot;&gt;...&lt;/div&gt;
  (Session info: chrome=102.0.5005.63)
Build info: version: &apos;4.2.1&apos;, revision: &apos;ac4d0fdd4a&apos;
System info: host: &apos;DESKTOP-KSI83VH&apos;, ip: &apos;10.0.0.145&apos;, os.name: &apos;Windows 10&apos;, os.arch: &apos;amd64&apos;, os.version: &apos;10.0&apos;, java.version: &apos;18.0.1.1&apos;
Driver info: org.openqa.selenium.chrome.ChromeDriver
Command: [44fb2101e6d6e1d86cb08ab6b2c6a03a, clickElement {id=9b6cea42-3e38-41dd-b6b1-4c25ba3622c9}]
Capabilities {acceptInsecureCerts: false, browserName: chrome, browserVersion: 102.0.5005.63, chrome: {chromedriverVersion: 102.0.5005.61 (0e59bcc00cc4..., userDataDir: C:\Users\shapira\AppData\Lo...}, goog:chromeOptions: {debuggerAddress: localhost:51919}, networkConnectionEnabled: false, pageLoadStrategy: normal, platformName: WINDOWS, proxy: Proxy(), se:cdp: ws://localhost:51919/devtoo..., se:cdpVersion: 102.0.5005.63, setWindowRect: true, strictFileInteractability: false, timeouts: {implicit: 0, pageLoad: 300000, script: 30000}, unhandledPromptBehavior: dismiss and notify, webauthn:extension:credBlob: true, webauthn:extension:largeBlob: true, webauthn:virtualAuthenticators: true}
Element: [[ChromeDriver: chrome on WINDOWS (44fb2101e6d6e1d86cb08ab6b2c6a03a)] -&gt; xpath: //div[@class=&apos;rgEditForm&apos;]/button]
Session ID: 44fb2101e6d6e1d86cb08ab6b2c6a03a" type="org.openqa.selenium.ElementClickInterceptedException">org.openqa.selenium.ElementClickInterceptedException: element click intercepted: Element &lt;button type=&quot;button&quot; name=&quot;ctl00$ContentPlaceholder1$RadGrid1$ctl00$ctl13$UpdateButton&quot; value=&quot;Update&quot; onclick=&quot;javascript:WebForm_DoPostBackWithOptions(new WebForm_PostBackOptions(&amp;quot;ctl00$ContentPlaceholder1$RadGrid1$ctl00$ctl13$UpdateButton&amp;quot;, &amp;quot;&amp;quot;, true, &amp;quot;&amp;quot;, &amp;quot;&amp;quot;, false, true))&quot; id=&quot;ctl00_ContentPlaceholder1_RadGrid1_ctl00_ctl13_UpdateButton&quot; title=&quot;Update&quot; class=&quot;t-button rgActionButton rgUpdate&quot;&gt;...&lt;/button&gt; is not clickable at point (337, 629). Other element would receive the click: &lt;div id=&quot;onetrust-banner-sdk&quot; class=&quot;otFlat bottom vertical-align-content&quot; role=&quot;dialog&quot; aria-labelledby=&quot;onetrust-policy-title&quot; aria-describedby=&quot;onetrust-policy-text&quot; tabindex=&quot;0&quot; style=&quot;bottom: 0px&quot;&gt;...&lt;/div&gt;
  (Session info: chrome=102.0.5005.63)
Build info: version: &apos;4.2.1&apos;, revision: &apos;ac4d0fdd4a&apos;
System info: host: &apos;DESKTOP-KSI83VH&apos;, ip: &apos;10.0.0.145&apos;, os.name: &apos;Windows 10&apos;, os.arch: &apos;amd64&apos;, os.version: &apos;10.0&apos;, java.version: &apos;18.0.1.1&apos;
Driver info: org.openqa.selenium.chrome.ChromeDriver
Command: [44fb2101e6d6e1d86cb08ab6b2c6a03a, clickElement {id=9b6cea42-3e38-41dd-b6b1-4c25ba3622c9}]
Capabilities {acceptInsecureCerts: false, browserName: chrome, browserVersion: 102.0.5005.63, chrome: {chromedriverVersion: 102.0.5005.61 (0e59bcc00cc4..., userDataDir: C:\Users\shapira\AppData\Lo...}, goog:chromeOptions: {debuggerAddress: localhost:51919}, networkConnectionEnabled: false, pageLoadStrategy: normal, platformName: WINDOWS, proxy: Proxy(), se:cdp: ws://localhost:51919/devtoo..., se:cdpVersion: 102.0.5005.63, setWindowRect: true, strictFileInteractability: false, timeouts: {implicit: 0, pageLoad: 300000, script: 30000}, unhandledPromptBehavior: dismiss and notify, webauthn:extension:credBlob: true, webauthn:extension:largeBlob: true, webauthn:virtualAuthenticators: true}
Element: [[ChromeDriver: chrome on WINDOWS (44fb2101e6d6e1d86cb08ab6b2c6a03a)] -&gt; xpath: //div[@class=&apos;rgEditForm&apos;]/button]
Session ID: 44fb2101e6d6e1d86cb08ab6b2c6a03a
	at java.base/jdk.internal.reflect.DirectConstructorHandleAccessor.newInstance(DirectConstructorHandleAccessor.java:67)
	at java.base/java.lang.reflect.Constructor.newInstanceWithCaller(Constructor.java:499)
	at java.base/java.lang.reflect.Constructor.newInstance(Constructor.java:483)
	at org.openqa.selenium.remote.codec.w3c.W3CHttpResponseCodec.createException(W3CHttpResponseCodec.java:200)
	at org.openqa.selenium.remote.codec.w3c.W3CHttpResponseCodec.decode(W3CHttpResponseCodec.java:133)
	at org.openqa.selenium.remote.codec.w3c.W3CHttpResponseCodec.decode(W3CHttpResponseCodec.java:53)
	at org.openqa.selenium.remote.HttpCommandExecutor.execute(HttpCommandExecutor.java:184)
	at org.openqa.selenium.remote.service.DriverCommandExecutor.invokeExecute(DriverCommandExecutor.java:167)
	at org.openqa.selenium.remote.service.DriverCommandExecutor.execute(DriverCommandExecutor.java:142)
	at org.openqa.selenium.remote.RemoteWebDriver.execute(RemoteWebDriver.java:551)
	at org.openqa.selenium.remote.RemoteWebElement.execute(RemoteWebElement.java:257)
	at org.openqa.selenium.remote.RemoteWebElement.click(RemoteWebElement.java:78)
	at crud.ProductsPage.fillEditProdute(ProductsPage.java:66)
	at crud.ProductsPage.updateProduct(ProductsPage.java:254)
	at crudTest.ProductTest.testUpdateProduct(ProductTest.java:50)
</failure>
    <system-out>all items: 83
items per page: 10
pages number: 9
left: 3
</system-out>
  </testcase>
</testsuite>