<?xml version="1.0" encoding="UTF-8"?>
<!-- Generated by org.testng.reporters.JUnitReportReporter -->
<testsuite hostname="DESKTOP-KSI83VH" failures="0" tests="1" name="crudTest.ProductTest" time="268.984" errors="0" timestamp="2022-06-26T11:18:20 IDT" skipped="0">
  <testcase classname="crudTest.ProductTest" name="testDeleteProductById" time="268.984"/>
  <system-out/>
</testsuite> <!-- crudTest.ProductTest -->
