<?xml version="1.0" encoding="UTF-8"?>
<!-- Generated by org.testng.reporters.JUnitReportReporter -->
<testsuite hostname="DESKTOP-KSI83VH" failures="0" tests="1" name="crudTest.ProductTest" time="26.958" errors="0" timestamp="2022-06-27T15:19:57 IDT" skipped="0">
  <testcase classname="crudTest.ProductTest" name="testDeleteProductById" time="26.958"/>
  <system-out/>
</testsuite> <!-- crudTest.ProductTest -->
