<?xml version="1.0" encoding="UTF-8"?>
<!-- Generated by org.testng.reporters.JUnitReportReporter -->
<testsuite hostname="DESKTOP-KSI83VH" failures="0" tests="6" name="crudTest.ProductTest" time="54.236" errors="0" timestamp="2022-06-28T12:02:24 IDT" skipped="0">
  <testcase classname="crudTest.ProductTest" name="testGetProduct" time="2.498"/>
  <system-out/>
  <testcase classname="crudTest.ProductTest" name="testAddProduct" time="3.519"/>
  <system-out/>
  <testcase classname="crudTest.ProductTest" name="testDeleteProductById" time="26.903"/>
  <system-out/>
  <testcase classname="crudTest.ProductTest" name="testDeleteProduct" time="5.388"/>
  <system-out/>
  <testcase classname="crudTest.ProductTest" name="testUpdateProduct" time="9.454"/>
  <system-out/>
  <testcase classname="crudTest.ProductTest" name="testUpdateById" time="6.474"/>
  <system-out/>
</testsuite> <!-- crudTest.ProductTest -->
