<?xml version="1.0" encoding="UTF-8"?>
<!-- Generated by org.testng.reporters.JUnitReportReporter -->
<testsuite hostname="DESKTOP-KSI83VH" failures="0" tests="6" name="crudTest.ProductTest" time="712.958" errors="0" timestamp="2022-06-23T11:57:28 IDT" skipped="0">
  <testcase classname="crudTest.ProductTest" name="testDeleteProductById" time="181.462"/>
  <system-out/>
  <testcase classname="crudTest.ProductTest" name="testAddProduct" time="3.011"/>
  <system-out/>
  <testcase classname="crudTest.ProductTest" name="testDeleteProduct" time="167.774"/>
  <system-out/>
  <testcase classname="crudTest.ProductTest" name="testGetProduct" time="21.712"/>
  <system-out/>
  <testcase classname="crudTest.ProductTest" name="testUpdateProduct" time="293.516"/>
  <system-out/>
  <testcase classname="crudTest.ProductTest" name="testUpdateById" time="45.483"/>
  <system-out/>
</testsuite> <!-- crudTest.ProductTest -->
