<?xml version="1.0" encoding="UTF-8"?>
<!-- Generated by org.testng.reporters.JUnitReportReporter -->
<testsuite hostname="DESKTOP-KSI83VH" failures="0" tests="1" name="crudTest.ProductTest" time="47.451" errors="0" timestamp="2022-06-23T11:27:40 IDT" skipped="0">
  <testcase classname="crudTest.ProductTest" name="testUpdateById" time="47.451"/>
  <system-out/>
</testsuite> <!-- crudTest.ProductTest -->
