<?xml version="1.0" encoding="UTF-8"?>
<!-- Generated by org.testng.reporters.JUnitReportReporter -->
<testsuite hostname="DESKTOP-KSI83VH" failures="0" tests="6" name="crudTest.ProductTest" time="67.914" errors="0" timestamp="2022-06-28T11:45:30 IDT" skipped="0">
  <testcase classname="crudTest.ProductTest" name="testGetProduct" time="4.924"/>
  <system-out/>
  <testcase classname="crudTest.ProductTest" name="testDeleteProduct" time="7.294"/>
  <system-out/>
  <testcase classname="crudTest.ProductTest" name="testUpdateProduct" time="15.180"/>
  <system-out/>
  <testcase classname="crudTest.ProductTest" name="testAddProduct" time="2.913"/>
  <system-out/>
  <testcase classname="crudTest.ProductTest" name="testDeleteProductById" time="26.127"/>
  <system-out/>
  <testcase classname="crudTest.ProductTest" name="testUpdateById" time="11.476"/>
  <system-out/>
</testsuite> <!-- crudTest.ProductTest -->
