<?xml version="1.0" encoding="UTF-8"?>
<!-- Generated by org.testng.reporters.JUnitReportReporter -->
<testsuite hostname="DESKTOP-KSI83VH" failures="0" tests="1" name="crudTest.ProductTest" time="292.153" errors="0" timestamp="2022-06-23T00:07:46 IDT" skipped="0">
  <testcase classname="crudTest.ProductTest" name="testUpdateProduct" time="292.153"/>
  <system-out/>
</testsuite> <!-- crudTest.ProductTest -->
